2019-02-07 20:00:30 Start Scan Process ver. 4.5 [scanner ver. 3.0]
2019-02-07 20:00:30 Change Time limit: TRUE , Value: 7200
2019-02-07 20:00:30 Current Memory limit: 256M
2019-02-07 20:00:30 OS info: Linux (Linux PineappleWillys 4.15.13-x86_64-linode106 #1 SMP Tue Mar 27 14:42:14 UTC 2018 x86_64)
2019-02-07 20:00:30 PHP ver: 7.1.15-1+ubuntu16.04.1+deb.sury.org+2
2019-02-07 20:00:30 SCAN_SQL: true
2019-02-07 20:00:30 FULL_SCAN: false
2019-02-07 20:00:30 Domain: http://pwillys.com
2019-02-07 20:00:30 Scan path: /home/forge/pwillys.com/
2019-02-07 20:00:30 Session report key: f25f5a05ec121b1c7859c08f1794c2ba
2019-02-07 20:00:30 Report URL: https://www.siteguarding.com/antivirus/viewreport?report_id=f25f5a05ec121b1c7859c08f1794c2ba
2019-02-07 20:00:30 TMP folder: /home/forge/pwillys.com/webanalyze/
2019-02-07 20:00:30 Detected CMS: wordpress
2019-02-07 20:00:33 Start SQL scan
2019-02-07 20:00:33 Get SQL settings
2019-02-07 20:00:33 Read SQL records
2019-02-07 20:00:33 Detected: A=4, IFRAME=4, SCRIPT=0
2019-02-07 20:00:33 SQL WordPress check: core, plugins, themes, admins
2019-02-07 20:00:36 -----------------------------------------------------------------------
2019-02-07 20:00:36 Collecting info about the files [METHOD 2]
2019-02-07 20:00:36 Check for other websites
2019-02-07 20:00:36 Excluded Folders: 0
2019-02-07 20:00:37 Big file: /wp-content/plugins/wordpress-seo/js/dist/components-950.min.js [1065531 bytes]
2019-02-07 20:00:37 Big file: /wp-content/plugins/wordpress-seo/js/dist/wp-seo-analysis-worker-950.min.js [2424225 bytes]
2019-02-07 20:00:37 Big file: /wp-content/plugins/wordpress-seo/js/dist/analysis-950.min.js [2358235 bytes]
2019-02-07 20:00:37 Symbolic link: /home/forge/pwillys.com//wp-content/themes/kma-slim/vendor/bin/pscss
2019-02-07 20:00:39 Save collected file_list
2019-02-07 20:00:39 Total files: 15811
2019-02-07 20:00:39 -----------------------------------------------------------------------
2019-02-07 20:00:39 Start - Pack with SSH
2019-02-07 20:00:39 Change pack method from SSH to PHP (ZipArchive)
2019-02-07 20:00:39 exec output: Array
(
)

2019-02-07 20:00:39 Start - Pack with ZipArchive
2019-02-07 20:00:39 Error: ZipArchive class is not exist.
2019-02-07 20:00:39 ZipArchive method - finished
2019-02-07 20:00:39 Error: zip file is not exists. Use OwnZipClass
2019-02-07 20:00:39 OwnZipClass method - started
2019-02-07 20:00:50 OwnZipClass method - finished
2019-02-07 20:00:53 Pack file: /home/forge/pwillys.com/webanalyze/pack_d960f3c584d67414ee4273a8b214ffe3.zip
2019-02-07 20:00:53 Pack file is 28.26Mb
2019-02-07 20:00:53 -----------------------------------------------------------------------
2019-02-07 20:00:53 Start - Send Packed files to SG server
2019-02-07 20:00:53 Pack URL: /webanalyze/pack_d960f3c584d67414ee4273a8b214ffe3.zip
2019-02-07 20:00:53 CURLOPT: CurlFile
2019-02-07 20:00:53 CURL CURLOPT_INFILE: /home/forge/pwillys.com/webanalyze/pack_d960f3c584d67414ee4273a8b214ffe3.zip
2019-02-07 20:00:53 CURL CURLOPT_INFILESIZE: 29635318
2019-02-07 20:00:53 Use HTTPS: FALSE
2019-02-07 20:00:55 CURL info - Array
(
    [url] => http://www.siteguarding.com/ext/antivirus/index.php?action=uploadfiles_ver2
    [content_type] => text/html
    [http_code] => 200
    [header_size] => 216
    [request_size] => 241
    [filetime] => -1
    [ssl_verify_result] => 0
    [redirect_count] => 0
    [total_time] => 1.581689
    [namelookup_time] => 5.6E-5
    [connect_time] => 0.052717
    [pretransfer_time] => 0.052866
    [size_upload] => 29636040
    [size_download] => 0
    [speed_download] => 0
    [speed_upload] => 18736957
    [download_content_length] => 0
    [upload_content_length] => 29636040
    [starttransfer_time] => 0.106718
    [redirect_time] => 0
    [redirect_url] => 
    [primary_ip] => 185.72.157.170
    [certinfo] => Array
        (
        )

    [primary_port] => 80
    [local_ip] => 50.116.39.164
    [local_port] => 44494
)

2019-02-07 20:00:55 Pack file sent for analyze - OK
2019-02-07 20:00:58 -----------------------------------------------------------------------
2019-02-07 20:00:58 Start - Report generating
